[1.671s] Invoking command in '/home/swarghane/ros2_learning_phases/ros2_phase4/src/phase4_pkg': PYTHONPATH=/home/swarghane/ros2_learning_phases/ros2_phase4/build/phase4_pkg/prefix_override:/usr/lib/python3/dist-packages/colcon_core/task/python/colcon_distutils_commands:/home/swarghane/ros2_learning_phases/ros2_phase4/install/phase4_pkg/lib/python3.10/site-packages:${PYTHONPATH} /usr/bin/python3 -W ignore:setup.py install is deprecated -W ignore:easy_install command is deprecated setup.py egg_info --egg-base ../../build/phase4_pkg build --build-base /home/swarghane/ros2_learning_phases/ros2_phase4/build/phase4_pkg/build install --record /home/swarghane/ros2_learning_phases/ros2_phase4/build/phase4_pkg/install.log --single-version-externally-managed install_data
[2.256s] running egg_info
[2.257s] creating ../../build/phase4_pkg/phase4_pkg.egg-info
[2.258s] writing ../../build/phase4_pkg/phase4_pkg.egg-info/PKG-INFO
[2.259s] writing dependency_links to ../../build/phase4_pkg/phase4_pkg.egg-info/dependency_links.txt
[2.259s] writing entry points to ../../build/phase4_pkg/phase4_pkg.egg-info/entry_points.txt
[2.259s] writing requirements to ../../build/phase4_pkg/phase4_pkg.egg-info/requires.txt
[2.259s] writing top-level names to ../../build/phase4_pkg/phase4_pkg.egg-info/top_level.txt
[2.260s] writing manifest file '../../build/phase4_pkg/phase4_pkg.egg-info/SOURCES.txt'
[2.268s] reading manifest file '../../build/phase4_pkg/phase4_pkg.egg-info/SOURCES.txt'
[2.269s] writing manifest file '../../build/phase4_pkg/phase4_pkg.egg-info/SOURCES.txt'
[2.270s] running build
[2.270s] running build_py
[2.270s] creating /home/swarghane/ros2_learning_phases/ros2_phase4/build/phase4_pkg/build
[2.271s] creating /home/swarghane/ros2_learning_phases/ros2_phase4/build/phase4_pkg/build/lib
[2.271s] creating /home/swarghane/ros2_learning_phases/ros2_phase4/build/phase4_pkg/build/lib/phase4_pkg
[2.271s] copying phase4_pkg/camera_node.py -> /home/swarghane/ros2_learning_phases/ros2_phase4/build/phase4_pkg/build/lib/phase4_pkg
[2.271s] copying phase4_pkg/display_node.py -> /home/swarghane/ros2_learning_phases/ros2_phase4/build/phase4_pkg/build/lib/phase4_pkg
[2.272s] copying phase4_pkg/__init__.py -> /home/swarghane/ros2_learning_phases/ros2_phase4/build/phase4_pkg/build/lib/phase4_pkg
[2.272s] copying phase4_pkg/tracker_node_v1.py -> /home/swarghane/ros2_learning_phases/ros2_phase4/build/phase4_pkg/build/lib/phase4_pkg
[2.272s] copying phase4_pkg/motor_control_node_arduinoo.py -> /home/swarghane/ros2_learning_phases/ros2_phase4/build/phase4_pkg/build/lib/phase4_pkg
[2.272s] copying phase4_pkg/decision_node_v1.py -> /home/swarghane/ros2_learning_phases/ros2_phase4/build/phase4_pkg/build/lib/phase4_pkg
[2.273s] copying phase4_pkg/tracker_node_v2.py -> /home/swarghane/ros2_learning_phases/ros2_phase4/build/phase4_pkg/build/lib/phase4_pkg
[2.273s] copying phase4_pkg/detector_node.py -> /home/swarghane/ros2_learning_phases/ros2_phase4/build/phase4_pkg/build/lib/phase4_pkg
[2.274s] copying phase4_pkg/decision_node.py -> /home/swarghane/ros2_learning_phases/ros2_phase4/build/phase4_pkg/build/lib/phase4_pkg
[2.274s] copying phase4_pkg/motor_control_node.py -> /home/swarghane/ros2_learning_phases/ros2_phase4/build/phase4_pkg/build/lib/phase4_pkg
[2.274s] copying phase4_pkg/display_node_v1.py -> /home/swarghane/ros2_learning_phases/ros2_phase4/build/phase4_pkg/build/lib/phase4_pkg
[2.275s] running install
[2.276s] running install_lib
[2.278s] creating /home/swarghane/ros2_learning_phases/ros2_phase4/install/phase4_pkg/lib/python3.10/site-packages/phase4_pkg
[2.278s] copying /home/swarghane/ros2_learning_phases/ros2_phase4/build/phase4_pkg/build/lib/phase4_pkg/camera_node.py -> /home/swarghane/ros2_learning_phases/ros2_phase4/install/phase4_pkg/lib/python3.10/site-packages/phase4_pkg
[2.278s] copying /home/swarghane/ros2_learning_phases/ros2_phase4/build/phase4_pkg/build/lib/phase4_pkg/display_node.py -> /home/swarghane/ros2_learning_phases/ros2_phase4/install/phase4_pkg/lib/python3.10/site-packages/phase4_pkg
[2.279s] copying /home/swarghane/ros2_learning_phases/ros2_phase4/build/phase4_pkg/build/lib/phase4_pkg/__init__.py -> /home/swarghane/ros2_learning_phases/ros2_phase4/install/phase4_pkg/lib/python3.10/site-packages/phase4_pkg
[2.279s] copying /home/swarghane/ros2_learning_phases/ros2_phase4/build/phase4_pkg/build/lib/phase4_pkg/tracker_node_v1.py -> /home/swarghane/ros2_learning_phases/ros2_phase4/install/phase4_pkg/lib/python3.10/site-packages/phase4_pkg
[2.279s] copying /home/swarghane/ros2_learning_phases/ros2_phase4/build/phase4_pkg/build/lib/phase4_pkg/motor_control_node_arduinoo.py -> /home/swarghane/ros2_learning_phases/ros2_phase4/install/phase4_pkg/lib/python3.10/site-packages/phase4_pkg
[2.280s] copying /home/swarghane/ros2_learning_phases/ros2_phase4/build/phase4_pkg/build/lib/phase4_pkg/decision_node_v1.py -> /home/swarghane/ros2_learning_phases/ros2_phase4/install/phase4_pkg/lib/python3.10/site-packages/phase4_pkg
[2.280s] copying /home/swarghane/ros2_learning_phases/ros2_phase4/build/phase4_pkg/build/lib/phase4_pkg/tracker_node_v2.py -> /home/swarghane/ros2_learning_phases/ros2_phase4/install/phase4_pkg/lib/python3.10/site-packages/phase4_pkg
[2.280s] copying /home/swarghane/ros2_learning_phases/ros2_phase4/build/phase4_pkg/build/lib/phase4_pkg/detector_node.py -> /home/swarghane/ros2_learning_phases/ros2_phase4/install/phase4_pkg/lib/python3.10/site-packages/phase4_pkg
[2.281s] copying /home/swarghane/ros2_learning_phases/ros2_phase4/build/phase4_pkg/build/lib/phase4_pkg/decision_node.py -> /home/swarghane/ros2_learning_phases/ros2_phase4/install/phase4_pkg/lib/python3.10/site-packages/phase4_pkg
[2.281s] copying /home/swarghane/ros2_learning_phases/ros2_phase4/build/phase4_pkg/build/lib/phase4_pkg/motor_control_node.py -> /home/swarghane/ros2_learning_phases/ros2_phase4/install/phase4_pkg/lib/python3.10/site-packages/phase4_pkg
[2.281s] copying /home/swarghane/ros2_learning_phases/ros2_phase4/build/phase4_pkg/build/lib/phase4_pkg/display_node_v1.py -> /home/swarghane/ros2_learning_phases/ros2_phase4/install/phase4_pkg/lib/python3.10/site-packages/phase4_pkg
[2.283s] byte-compiling /home/swarghane/ros2_learning_phases/ros2_phase4/install/phase4_pkg/lib/python3.10/site-packages/phase4_pkg/camera_node.py to camera_node.cpython-310.pyc
[2.286s] byte-compiling /home/swarghane/ros2_learning_phases/ros2_phase4/install/phase4_pkg/lib/python3.10/site-packages/phase4_pkg/display_node.py to display_node.cpython-310.pyc
[2.287s] byte-compiling /home/swarghane/ros2_learning_phases/ros2_phase4/install/phase4_pkg/lib/python3.10/site-packages/phase4_pkg/__init__.py to __init__.cpython-310.pyc
[2.287s] byte-compiling /home/swarghane/ros2_learning_phases/ros2_phase4/install/phase4_pkg/lib/python3.10/site-packages/phase4_pkg/tracker_node_v1.py to tracker_node_v1.cpython-310.pyc
[2.290s] byte-compiling /home/swarghane/ros2_learning_phases/ros2_phase4/install/phase4_pkg/lib/python3.10/site-packages/phase4_pkg/motor_control_node_arduinoo.py to motor_control_node_arduinoo.cpython-310.pyc
[2.292s] byte-compiling /home/swarghane/ros2_learning_phases/ros2_phase4/install/phase4_pkg/lib/python3.10/site-packages/phase4_pkg/decision_node_v1.py to decision_node_v1.cpython-310.pyc
[2.293s] byte-compiling /home/swarghane/ros2_learning_phases/ros2_phase4/install/phase4_pkg/lib/python3.10/site-packages/phase4_pkg/tracker_node_v2.py to tracker_node_v2.cpython-310.pyc
[2.297s] byte-compiling /home/swarghane/ros2_learning_phases/ros2_phase4/install/phase4_pkg/lib/python3.10/site-packages/phase4_pkg/detector_node.py to detector_node.cpython-310.pyc
[2.299s] byte-compiling /home/swarghane/ros2_learning_phases/ros2_phase4/install/phase4_pkg/lib/python3.10/site-packages/phase4_pkg/decision_node.py to decision_node.cpython-310.pyc
[2.300s] byte-compiling /home/swarghane/ros2_learning_phases/ros2_phase4/install/phase4_pkg/lib/python3.10/site-packages/phase4_pkg/motor_control_node.py to motor_control_node.cpython-310.pyc
[2.301s] byte-compiling /home/swarghane/ros2_learning_phases/ros2_phase4/install/phase4_pkg/lib/python3.10/site-packages/phase4_pkg/display_node_v1.py to display_node_v1.cpython-310.pyc
[2.303s] running install_data
[2.303s] creating /home/swarghane/ros2_learning_phases/ros2_phase4/install/phase4_pkg/share/ament_index
[2.303s] creating /home/swarghane/ros2_learning_phases/ros2_phase4/install/phase4_pkg/share/ament_index/resource_index
[2.303s] creating /home/swarghane/ros2_learning_phases/ros2_phase4/install/phase4_pkg/share/ament_index/resource_index/packages
[2.304s] copying resource/phase4_pkg -> /home/swarghane/ros2_learning_phases/ros2_phase4/install/phase4_pkg/share/ament_index/resource_index/packages
[2.304s] copying package.xml -> /home/swarghane/ros2_learning_phases/ros2_phase4/install/phase4_pkg/share/phase4_pkg
[2.304s] running install_egg_info
[2.308s] Copying ../../build/phase4_pkg/phase4_pkg.egg-info to /home/swarghane/ros2_learning_phases/ros2_phase4/install/phase4_pkg/lib/python3.10/site-packages/phase4_pkg-0.0.0-py3.10.egg-info
[2.310s] running install_scripts
[2.355s] writing list of installed files to '/home/swarghane/ros2_learning_phases/ros2_phase4/build/phase4_pkg/install.log'
[2.438s] Invoked command in '/home/swarghane/ros2_learning_phases/ros2_phase4/src/phase4_pkg' returned '0': PYTHONPATH=/home/swarghane/ros2_learning_phases/ros2_phase4/build/phase4_pkg/prefix_override:/usr/lib/python3/dist-packages/colcon_core/task/python/colcon_distutils_commands:/home/swarghane/ros2_learning_phases/ros2_phase4/install/phase4_pkg/lib/python3.10/site-packages:${PYTHONPATH} /usr/bin/python3 -W ignore:setup.py install is deprecated -W ignore:easy_install command is deprecated setup.py egg_info --egg-base ../../build/phase4_pkg build --build-base /home/swarghane/ros2_learning_phases/ros2_phase4/build/phase4_pkg/build install --record /home/swarghane/ros2_learning_phases/ros2_phase4/build/phase4_pkg/install.log --single-version-externally-managed install_data
