/home/swarghane/ros2_learning_phases/ros2_phase4/install/phase4_pkg/lib/python3.10/site-packages/phase4_pkg/camera_node.py
/home/swarghane/ros2_learning_phases/ros2_phase4/install/phase4_pkg/lib/python3.10/site-packages/phase4_pkg/display_node.py
/home/swarghane/ros2_learning_phases/ros2_phase4/install/phase4_pkg/lib/python3.10/site-packages/phase4_pkg/__init__.py
/home/swarghane/ros2_learning_phases/ros2_phase4/install/phase4_pkg/lib/python3.10/site-packages/phase4_pkg/tracker_node_v1.py
/home/swarghane/ros2_learning_phases/ros2_phase4/install/phase4_pkg/lib/python3.10/site-packages/phase4_pkg/motor_control_node_arduinoo.py
/home/swarghane/ros2_learning_phases/ros2_phase4/install/phase4_pkg/lib/python3.10/site-packages/phase4_pkg/decision_node_v1.py
/home/swarghane/ros2_learning_phases/ros2_phase4/install/phase4_pkg/lib/python3.10/site-packages/phase4_pkg/tracker_node_v2.py
/home/swarghane/ros2_learning_phases/ros2_phase4/install/phase4_pkg/lib/python3.10/site-packages/phase4_pkg/detector_node.py
/home/swarghane/ros2_learning_phases/ros2_phase4/install/phase4_pkg/lib/python3.10/site-packages/phase4_pkg/decision_node.py
/home/swarghane/ros2_learning_phases/ros2_phase4/install/phase4_pkg/lib/python3.10/site-packages/phase4_pkg/motor_control_node.py
/home/swarghane/ros2_learning_phases/ros2_phase4/install/phase4_pkg/lib/python3.10/site-packages/phase4_pkg/display_node_v1.py
/home/swarghane/ros2_learning_phases/ros2_phase4/install/phase4_pkg/lib/python3.10/site-packages/phase4_pkg/__pycache__/camera_node.cpython-310.pyc
/home/swarghane/ros2_learning_phases/ros2_phase4/install/phase4_pkg/lib/python3.10/site-packages/phase4_pkg/__pycache__/display_node.cpython-310.pyc
/home/swarghane/ros2_learning_phases/ros2_phase4/install/phase4_pkg/lib/python3.10/site-packages/phase4_pkg/__pycache__/__init__.cpython-310.pyc
/home/swarghane/ros2_learning_phases/ros2_phase4/install/phase4_pkg/lib/python3.10/site-packages/phase4_pkg/__pycache__/tracker_node_v1.cpython-310.pyc
/home/swarghane/ros2_learning_phases/ros2_phase4/install/phase4_pkg/lib/python3.10/site-packages/phase4_pkg/__pycache__/motor_control_node_arduinoo.cpython-310.pyc
/home/swarghane/ros2_learning_phases/ros2_phase4/install/phase4_pkg/lib/python3.10/site-packages/phase4_pkg/__pycache__/decision_node_v1.cpython-310.pyc
/home/swarghane/ros2_learning_phases/ros2_phase4/install/phase4_pkg/lib/python3.10/site-packages/phase4_pkg/__pycache__/tracker_node_v2.cpython-310.pyc
/home/swarghane/ros2_learning_phases/ros2_phase4/install/phase4_pkg/lib/python3.10/site-packages/phase4_pkg/__pycache__/detector_node.cpython-310.pyc
/home/swarghane/ros2_learning_phases/ros2_phase4/install/phase4_pkg/lib/python3.10/site-packages/phase4_pkg/__pycache__/decision_node.cpython-310.pyc
/home/swarghane/ros2_learning_phases/ros2_phase4/install/phase4_pkg/lib/python3.10/site-packages/phase4_pkg/__pycache__/motor_control_node.cpython-310.pyc
/home/swarghane/ros2_learning_phases/ros2_phase4/install/phase4_pkg/lib/python3.10/site-packages/phase4_pkg/__pycache__/display_node_v1.cpython-310.pyc
/home/swarghane/ros2_learning_phases/ros2_phase4/install/phase4_pkg/share/ament_index/resource_index/packages/phase4_pkg
/home/swarghane/ros2_learning_phases/ros2_phase4/install/phase4_pkg/share/phase4_pkg/package.xml
/home/swarghane/ros2_learning_phases/ros2_phase4/install/phase4_pkg/lib/python3.10/site-packages/phase4_pkg-0.0.0-py3.10.egg-info/entry_points.txt
/home/swarghane/ros2_learning_phases/ros2_phase4/install/phase4_pkg/lib/python3.10/site-packages/phase4_pkg-0.0.0-py3.10.egg-info/zip-safe
/home/swarghane/ros2_learning_phases/ros2_phase4/install/phase4_pkg/lib/python3.10/site-packages/phase4_pkg-0.0.0-py3.10.egg-info/requires.txt
/home/swarghane/ros2_learning_phases/ros2_phase4/install/phase4_pkg/lib/python3.10/site-packages/phase4_pkg-0.0.0-py3.10.egg-info/SOURCES.txt
/home/swarghane/ros2_learning_phases/ros2_phase4/install/phase4_pkg/lib/python3.10/site-packages/phase4_pkg-0.0.0-py3.10.egg-info/dependency_links.txt
/home/swarghane/ros2_learning_phases/ros2_phase4/install/phase4_pkg/lib/python3.10/site-packages/phase4_pkg-0.0.0-py3.10.egg-info/PKG-INFO
/home/swarghane/ros2_learning_phases/ros2_phase4/install/phase4_pkg/lib/python3.10/site-packages/phase4_pkg-0.0.0-py3.10.egg-info/top_level.txt
